[21-56:33]	[ERROR]	 Usage: ./tcp_client <server_ip> <server_port> <file_selection 1-small 2-large>

[21-56:33]	[INFO]	 Invalid arguments
[21-57:19]	[INFO]	 Client started
[21-57:19]	[INFO]	 Connecting to server 127.0.0.1:8000
[21-57:19]	[INFO]	 Connected to server 127.0.0.1:8000
[21-59:49]	[INFO]	 Client started
[21-59:49]	[INFO]	 Connecting to server 127.0.0.1:8000
[21-59:49]	[INFO]	 Connected to server 127.0.0.1:8000
[22-02:54]	[INFO]	 Client started
[22-02:54]	[INFO]	 Connecting to server 127.0.0.1:8000
[22-02:54]	[INFO]	 Connected to server 127.0.0.1:8000
[22-06:08]	[INFO]	 Client started
[22-06:08]	[INFO]	 Connecting to server 127.0.0.1:8000
[22-06:08]	[INFO]	 Connected to server 127.0.0.1:8000
[22-06:27]	[INFO]	 Sending file /home/andrei/Git/labredesTP/Aula06-atividade/TCP/
[22-06:27]	[INFO]	 Total packets sent: 0
[22-06:27]	[INFO]	 Total bytes sent: 0
[22-06:27]	[INFO]	 RTT: 61 us, cwnd: 10, ssthresh: 2147483647, retrans: 0

[22-06:27]	[INFO]	 Put command executed
[22-06:27]	[INFO]	 Invalid file selection
[22-09:11]	[INFO]	 Client started
[22-09:11]	[INFO]	 Connecting to server 127.0.0.1:8000
[22-09:11]	[INFO]	 Connected to server 127.0.0.1:8000
[22-09:23]	[INFO]	 Sending file /home/andrei/Git/labredesTP/Aula06-atividade/TCP/Files_to_test/texto1.txt
[22-09:23]	[INFO]	 RTT: 79 us, cwnd: 10, ssthresh: 2147483647, retrans: 0

[22-09:23]	[INFO]	 RTT: 74 us, cwnd: 10, ssthresh: 2147483647, retrans: 0

[22-09:23]	[INFO]	 Total packets sent: 2
[22-09:23]	[INFO]	 Total bytes sent: 1721
[22-09:23]	[INFO]	 RTT: 74 us, cwnd: 10, ssthresh: 2147483647, retrans: 0

[22-09:23]	[INFO]	 Put command executed
[22-10:35]	[INFO]	 Quitting...
[22-11:08]	[INFO]	 Client started
[22-11:08]	[INFO]	 Connecting to server 127.0.0.1:8000
[22-11:08]	[INFO]	 Connected to server 127.0.0.1:8000
[22-11:56]	[INFO]	 Sending file /home/andrei/Git/labredesTP/Aula06-atividade/TCP/Files_to_test/tcp1.png
[22-11:56]	[INFO]	 RTT: 48 us, cwnd: 10, ssthresh: 2147483647, retrans: 0

[22-11:56]	[INFO]	 RTT: 45 us, cwnd: 10, ssthresh: 2147483647, retrans: 0

[22-11:56]	[INFO]	 RTT: 41 us, cwnd: 10, ssthresh: 2147483647, retrans: 0

[22-11:56]	[INFO]	 RTT: 39 us, cwnd: 10, ssthresh: 2147483647, retrans: 0

[22-11:56]	[INFO]	 RTT: 37 us, cwnd: 10, ssthresh: 2147483647, retrans: 0

[22-11:56]	[INFO]	 RTT: 34 us, cwnd: 10, ssthresh: 2147483647, retrans: 0

[22-11:56]	[INFO]	 RTT: 32 us, cwnd: 10, ssthresh: 2147483647, retrans: 0

[22-11:56]	[INFO]	 RTT: 29 us, cwnd: 10, ssthresh: 2147483647, retrans: 0

[22-11:56]	[INFO]	 RTT: 26 us, cwnd: 10, ssthresh: 2147483647, retrans: 0

[22-11:56]	[INFO]	 RTT: 24 us, cwnd: 10, ssthresh: 2147483647, retrans: 0

[22-11:56]	[INFO]	 RTT: 22 us, cwnd: 10, ssthresh: 2147483647, retrans: 0

[22-11:56]	[INFO]	 RTT: 20 us, cwnd: 10, ssthresh: 2147483647, retrans: 0

[22-11:56]	[INFO]	 RTT: 19 us, cwnd: 10, ssthresh: 2147483647, retrans: 0

[22-11:56]	[INFO]	 RTT: 17 us, cwnd: 10, ssthresh: 2147483647, retrans: 0

[22-11:56]	[INFO]	 RTT: 16 us, cwnd: 10, ssthresh: 2147483647, retrans: 0

[22-11:56]	[INFO]	 RTT: 16 us, cwnd: 10, ssthresh: 2147483647, retrans: 0

[22-11:56]	[INFO]	 RTT: 15 us, cwnd: 10, ssthresh: 2147483647, retrans: 0

[22-11:56]	[INFO]	 RTT: 15 us, cwnd: 10, ssthresh: 2147483647, retrans: 0

[22-11:56]	[INFO]	 RTT: 16 us, cwnd: 10, ssthresh: 2147483647, retrans: 0

[22-11:56]	[INFO]	 RTT: 18 us, cwnd: 10, ssthresh: 2147483647, retrans: 0

[22-11:56]	[INFO]	 RTT: 19 us, cwnd: 10, ssthresh: 2147483647, retrans: 0

[22-11:56]	[INFO]	 RTT: 20 us, cwnd: 10, ssthresh: 2147483647, retrans: 0

[22-11:56]	[INFO]	 RTT: 21 us, cwnd: 10, ssthresh: 2147483647, retrans: 0

[22-11:56]	[INFO]	 RTT: 21 us, cwnd: 10, ssthresh: 2147483647, retrans: 0

[22-11:56]	[INFO]	 RTT: 22 us, cwnd: 10, ssthresh: 2147483647, retrans: 0

[22-11:56]	[INFO]	 RTT: 22 us, cwnd: 10, ssthresh: 2147483647, retrans: 0

[22-11:56]	[INFO]	 RTT: 24 us, cwnd: 10, ssthresh: 2147483647, retrans: 0

[22-11:56]	[INFO]	 RTT: 24 us, cwnd: 10, ssthresh: 2147483647, retrans: 0

[22-11:56]	[INFO]	 RTT: 26 us, cwnd: 10, ssthresh: 2147483647, retrans: 0

[22-11:56]	[INFO]	 RTT: 25 us, cwnd: 10, ssthresh: 2147483647, retrans: 0

[22-11:56]	[INFO]	 RTT: 24 us, cwnd: 10, ssthresh: 2147483647, retrans: 0

[22-11:56]	[INFO]	 RTT: 24 us, cwnd: 10, ssthresh: 2147483647, retrans: 0

[22-11:56]	[INFO]	 RTT: 24 us, cwnd: 10, ssthresh: 2147483647, retrans: 0

[22-11:56]	[INFO]	 RTT: 24 us, cwnd: 10, ssthresh: 2147483647, retrans: 0

[22-11:56]	[INFO]	 RTT: 24 us, cwnd: 10, ssthresh: 2147483647, retrans: 0

[22-11:56]	[INFO]	 RTT: 24 us, cwnd: 10, ssthresh: 2147483647, retrans: 0

[22-11:56]	[INFO]	 RTT: 24 us, cwnd: 10, ssthresh: 2147483647, retrans: 0

[22-11:56]	[INFO]	 RTT: 24 us, cwnd: 10, ssthresh: 2147483647, retrans: 0

[22-11:56]	[INFO]	 RTT: 24 us, cwnd: 10, ssthresh: 2147483647, retrans: 0

[22-11:56]	[INFO]	 RTT: 24 us, cwnd: 10, ssthresh: 2147483647, retrans: 0

[22-11:56]	[INFO]	 RTT: 24 us, cwnd: 10, ssthresh: 2147483647, retrans: 0

[22-11:56]	[INFO]	 RTT: 24 us, cwnd: 10, ssthresh: 2147483647, retrans: 0

[22-11:56]	[INFO]	 RTT: 24 us, cwnd: 10, ssthresh: 2147483647, retrans: 0

[22-11:56]	[INFO]	 RTT: 24 us, cwnd: 10, ssthresh: 2147483647, retrans: 0

[22-11:56]	[INFO]	 RTT: 24 us, cwnd: 10, ssthresh: 2147483647, retrans: 0

[22-11:56]	[INFO]	 RTT: 24 us, cwnd: 10, ssthresh: 2147483647, retrans: 0

[22-11:56]	[INFO]	 RTT: 24 us, cwnd: 10, ssthresh: 2147483647, retrans: 0

[22-11:56]	[INFO]	 RTT: 24 us, cwnd: 10, ssthresh: 2147483647, retrans: 0

[22-11:56]	[INFO]	 RTT: 24 us, cwnd: 10, ssthresh: 2147483647, retrans: 0

[22-11:56]	[INFO]	 RTT: 24 us, cwnd: 10, ssthresh: 2147483647, retrans: 0

[22-11:56]	[INFO]	 RTT: 24 us, cwnd: 10, ssthresh: 2147483647, retrans: 0

[22-11:56]	[INFO]	 RTT: 24 us, cwnd: 10, ssthresh: 2147483647, retrans: 0

[22-11:56]	[INFO]	 RTT: 24 us, cwnd: 10, ssthresh: 2147483647, retrans: 0

[22-11:56]	[INFO]	 RTT: 24 us, cwnd: 10, ssthresh: 2147483647, retrans: 0

[22-11:56]	[INFO]	 RTT: 24 us, cwnd: 10, ssthresh: 2147483647, retrans: 0

[22-11:56]	[INFO]	 RTT: 24 us, cwnd: 10, ssthresh: 2147483647, retrans: 0

[22-11:56]	[INFO]	 RTT: 24 us, cwnd: 10, ssthresh: 2147483647, retrans: 0

[22-11:56]	[INFO]	 RTT: 24 us, cwnd: 10, ssthresh: 2147483647, retrans: 0

[22-11:56]	[INFO]	 RTT: 24 us, cwnd: 10, ssthresh: 2147483647, retrans: 0

[22-11:56]	[INFO]	 RTT: 24 us, cwnd: 10, ssthresh: 2147483647, retrans: 0

[22-11:56]	[INFO]	 RTT: 24 us, cwnd: 10, ssthresh: 2147483647, retrans: 0

[22-11:56]	[INFO]	 RTT: 24 us, cwnd: 10, ssthresh: 2147483647, retrans: 0

[22-11:56]	[INFO]	 RTT: 24 us, cwnd: 10, ssthresh: 2147483647, retrans: 0

[22-11:56]	[INFO]	 RTT: 24 us, cwnd: 10, ssthresh: 2147483647, retrans: 0

[22-11:56]	[INFO]	 RTT: 24 us, cwnd: 10, ssthresh: 2147483647, retrans: 0

[22-11:56]	[INFO]	 RTT: 103 us, cwnd: 10, ssthresh: 2147483647, retrans: 0

[22-11:56]	[INFO]	 RTT: 103 us, cwnd: 10, ssthresh: 2147483647, retrans: 0

[22-11:56]	[INFO]	 RTT: 103 us, cwnd: 10, ssthresh: 2147483647, retrans: 0

[22-11:56]	[INFO]	 RTT: 103 us, cwnd: 10, ssthresh: 2147483647, retrans: 0

[22-11:56]	[INFO]	 RTT: 103 us, cwnd: 10, ssthresh: 2147483647, retrans: 0

[22-11:56]	[INFO]	 RTT: 103 us, cwnd: 10, ssthresh: 2147483647, retrans: 0

[22-11:56]	[INFO]	 RTT: 103 us, cwnd: 10, ssthresh: 2147483647, retrans: 0

[22-11:56]	[INFO]	 RTT: 103 us, cwnd: 10, ssthresh: 2147483647, retrans: 0

[22-11:56]	[INFO]	 RTT: 103 us, cwnd: 10, ssthresh: 2147483647, retrans: 0

[22-11:56]	[INFO]	 RTT: 103 us, cwnd: 10, ssthresh: 2147483647, retrans: 0

[22-11:56]	[INFO]	 RTT: 103 us, cwnd: 10, ssthresh: 2147483647, retrans: 0

[22-11:56]	[INFO]	 RTT: 103 us, cwnd: 10, ssthresh: 2147483647, retrans: 0

[22-11:56]	[INFO]	 RTT: 103 us, cwnd: 10, ssthresh: 2147483647, retrans: 0

[22-11:56]	[INFO]	 RTT: 103 us, cwnd: 10, ssthresh: 2147483647, retrans: 0

[22-11:56]	[INFO]	 RTT: 103 us, cwnd: 10, ssthresh: 2147483647, retrans: 0

[22-11:56]	[INFO]	 RTT: 103 us, cwnd: 10, ssthresh: 2147483647, retrans: 0

[22-11:56]	[INFO]	 RTT: 103 us, cwnd: 10, ssthresh: 2147483647, retrans: 0

[22-11:56]	[INFO]	 RTT: 103 us, cwnd: 10, ssthresh: 2147483647, retrans: 0

[22-11:56]	[INFO]	 RTT: 103 us, cwnd: 10, ssthresh: 2147483647, retrans: 0

[22-11:56]	[INFO]	 RTT: 103 us, cwnd: 10, ssthresh: 2147483647, retrans: 0

[22-11:56]	[INFO]	 RTT: 103 us, cwnd: 10, ssthresh: 2147483647, retrans: 0

[22-11:56]	[INFO]	 RTT: 103 us, cwnd: 10, ssthresh: 2147483647, retrans: 0

[22-11:56]	[INFO]	 RTT: 103 us, cwnd: 10, ssthresh: 2147483647, retrans: 0

[22-11:56]	[INFO]	 RTT: 103 us, cwnd: 10, ssthresh: 2147483647, retrans: 0

[22-11:56]	[INFO]	 RTT: 103 us, cwnd: 10, ssthresh: 2147483647, retrans: 0

[22-11:56]	[INFO]	 RTT: 103 us, cwnd: 10, ssthresh: 2147483647, retrans: 0

[22-11:56]	[INFO]	 RTT: 103 us, cwnd: 10, ssthresh: 2147483647, retrans: 0

[22-11:56]	[INFO]	 RTT: 103 us, cwnd: 10, ssthresh: 2147483647, retrans: 0

[22-11:56]	[INFO]	 RTT: 103 us, cwnd: 10, ssthresh: 2147483647, retrans: 0

[22-11:56]	[INFO]	 RTT: 103 us, cwnd: 10, ssthresh: 2147483647, retrans: 0

[22-11:56]	[INFO]	 RTT: 103 us, cwnd: 10, ssthresh: 2147483647, retrans: 0

[22-11:56]	[INFO]	 RTT: 103 us, cwnd: 10, ssthresh: 2147483647, retrans: 0

[22-11:56]	[INFO]	 RTT: 103 us, cwnd: 10, ssthresh: 2147483647, retrans: 0

[22-11:56]	[INFO]	 RTT: 162 us, cwnd: 10, ssthresh: 2147483647, retrans: 0

[22-11:56]	[INFO]	 RTT: 162 us, cwnd: 10, ssthresh: 2147483647, retrans: 0

[22-11:56]	[INFO]	 RTT: 162 us, cwnd: 10, ssthresh: 2147483647, retrans: 0

[22-11:56]	[INFO]	 RTT: 162 us, cwnd: 10, ssthresh: 2147483647, retrans: 0

[22-11:56]	[INFO]	 RTT: 162 us, cwnd: 10, ssthresh: 2147483647, retrans: 0

[22-11:56]	[INFO]	 RTT: 162 us, cwnd: 10, ssthresh: 2147483647, retrans: 0

[22-11:56]	[INFO]	 RTT: 162 us, cwnd: 10, ssthresh: 2147483647, retrans: 0

[22-11:56]	[INFO]	 RTT: 162 us, cwnd: 10, ssthresh: 2147483647, retrans: 0

[22-11:56]	[INFO]	 RTT: 162 us, cwnd: 10, ssthresh: 2147483647, retrans: 0

[22-11:56]	[INFO]	 RTT: 162 us, cwnd: 10, ssthresh: 2147483647, retrans: 0

[22-11:56]	[INFO]	 RTT: 162 us, cwnd: 10, ssthresh: 2147483647, retrans: 0

[22-11:56]	[INFO]	 RTT: 162 us, cwnd: 10, ssthresh: 2147483647, retrans: 0

[22-11:56]	[INFO]	 RTT: 162 us, cwnd: 10, ssthresh: 2147483647, retrans: 0

[22-11:56]	[INFO]	 RTT: 162 us, cwnd: 10, ssthresh: 2147483647, retrans: 0

[22-11:56]	[INFO]	 RTT: 162 us, cwnd: 10, ssthresh: 2147483647, retrans: 0

[22-11:56]	[INFO]	 RTT: 162 us, cwnd: 10, ssthresh: 2147483647, retrans: 0

[22-11:56]	[INFO]	 RTT: 162 us, cwnd: 10, ssthresh: 2147483647, retrans: 0

[22-11:56]	[INFO]	 RTT: 162 us, cwnd: 10, ssthresh: 2147483647, retrans: 0

[22-11:56]	[INFO]	 RTT: 162 us, cwnd: 10, ssthresh: 2147483647, retrans: 0

[22-11:56]	[INFO]	 RTT: 162 us, cwnd: 10, ssthresh: 2147483647, retrans: 0

[22-11:56]	[INFO]	 RTT: 162 us, cwnd: 10, ssthresh: 2147483647, retrans: 0

[22-11:56]	[INFO]	 RTT: 162 us, cwnd: 10, ssthresh: 2147483647, retrans: 0

[22-11:56]	[INFO]	 RTT: 162 us, cwnd: 10, ssthresh: 2147483647, retrans: 0

[22-11:56]	[INFO]	 RTT: 162 us, cwnd: 10, ssthresh: 2147483647, retrans: 0

[22-11:56]	[INFO]	 RTT: 162 us, cwnd: 10, ssthresh: 2147483647, retrans: 0

[22-11:56]	[INFO]	 RTT: 162 us, cwnd: 10, ssthresh: 2147483647, retrans: 0

[22-11:56]	[INFO]	 RTT: 162 us, cwnd: 10, ssthresh: 2147483647, retrans: 0

[22-11:56]	[INFO]	 RTT: 225 us, cwnd: 10, ssthresh: 2147483647, retrans: 0

[22-11:56]	[INFO]	 RTT: 225 us, cwnd: 10, ssthresh: 2147483647, retrans: 0

[22-11:56]	[INFO]	 RTT: 225 us, cwnd: 10, ssthresh: 2147483647, retrans: 0

[22-11:56]	[INFO]	 RTT: 225 us, cwnd: 10, ssthresh: 2147483647, retrans: 0

[22-11:56]	[INFO]	 RTT: 225 us, cwnd: 10, ssthresh: 2147483647, retrans: 0

[22-11:56]	[INFO]	 RTT: 225 us, cwnd: 10, ssthresh: 2147483647, retrans: 0

[22-11:56]	[INFO]	 RTT: 225 us, cwnd: 10, ssthresh: 2147483647, retrans: 0

[22-11:56]	[INFO]	 RTT: 225 us, cwnd: 10, ssthresh: 2147483647, retrans: 0

[22-11:56]	[INFO]	 RTT: 225 us, cwnd: 10, ssthresh: 2147483647, retrans: 0

[22-11:56]	[INFO]	 RTT: 225 us, cwnd: 10, ssthresh: 2147483647, retrans: 0

[22-11:56]	[INFO]	 RTT: 225 us, cwnd: 10, ssthresh: 2147483647, retrans: 0

[22-11:56]	[INFO]	 RTT: 225 us, cwnd: 10, ssthresh: 2147483647, retrans: 0

[22-11:56]	[INFO]	 RTT: 225 us, cwnd: 10, ssthresh: 2147483647, retrans: 0

[22-11:56]	[INFO]	 RTT: 225 us, cwnd: 10, ssthresh: 2147483647, retrans: 0

[22-11:56]	[INFO]	 RTT: 247 us, cwnd: 10, ssthresh: 2147483647, retrans: 0

[22-11:56]	[INFO]	 RTT: 247 us, cwnd: 10, ssthresh: 2147483647, retrans: 0

[22-11:56]	[INFO]	 RTT: 247 us, cwnd: 10, ssthresh: 2147483647, retrans: 0

[22-11:56]	[INFO]	 RTT: 247 us, cwnd: 10, ssthresh: 2147483647, retrans: 0

[22-11:56]	[INFO]	 RTT: 247 us, cwnd: 10, ssthresh: 2147483647, retrans: 0

[22-11:56]	[INFO]	 RTT: 247 us, cwnd: 10, ssthresh: 2147483647, retrans: 0

[22-11:56]	[INFO]	 RTT: 247 us, cwnd: 10, ssthresh: 2147483647, retrans: 0

[22-11:56]	[INFO]	 RTT: 247 us, cwnd: 10, ssthresh: 2147483647, retrans: 0

[22-11:56]	[INFO]	 RTT: 187 us, cwnd: 10, ssthresh: 2147483647, retrans: 0

[22-11:56]	[INFO]	 RTT: 166 us, cwnd: 10, ssthresh: 2147483647, retrans: 0

[22-11:56]	[INFO]	 RTT: 146 us, cwnd: 10, ssthresh: 2147483647, retrans: 0

[22-11:56]	[INFO]	 RTT: 129 us, cwnd: 10, ssthresh: 2147483647, retrans: 0

[22-11:56]	[INFO]	 RTT: 115 us, cwnd: 10, ssthresh: 2147483647, retrans: 0

[22-11:56]	[INFO]	 RTT: 102 us, cwnd: 10, ssthresh: 2147483647, retrans: 0

[22-11:56]	[INFO]	 RTT: 90 us, cwnd: 10, ssthresh: 2147483647, retrans: 0

[22-11:56]	[INFO]	 RTT: 80 us, cwnd: 10, ssthresh: 2147483647, retrans: 0

[22-11:56]	[INFO]	 RTT: 71 us, cwnd: 10, ssthresh: 2147483647, retrans: 0

[22-11:56]	[INFO]	 RTT: 64 us, cwnd: 10, ssthresh: 2147483647, retrans: 0

[22-11:56]	[INFO]	 RTT: 57 us, cwnd: 10, ssthresh: 2147483647, retrans: 0

[22-11:56]	[INFO]	 RTT: 51 us, cwnd: 10, ssthresh: 2147483647, retrans: 0

[22-11:56]	[INFO]	 RTT: 46 us, cwnd: 10, ssthresh: 2147483647, retrans: 0

[22-11:56]	[INFO]	 RTT: 42 us, cwnd: 10, ssthresh: 2147483647, retrans: 0

[22-11:56]	[INFO]	 RTT: 38 us, cwnd: 10, ssthresh: 2147483647, retrans: 0

[22-11:56]	[INFO]	 RTT: 34 us, cwnd: 10, ssthresh: 2147483647, retrans: 0

[22-11:56]	[INFO]	 RTT: 31 us, cwnd: 10, ssthresh: 2147483647, retrans: 0

[22-11:56]	[INFO]	 RTT: 29 us, cwnd: 10, ssthresh: 2147483647, retrans: 0

[22-11:56]	[INFO]	 RTT: 26 us, cwnd: 10, ssthresh: 2147483647, retrans: 0

[22-11:56]	[INFO]	 RTT: 24 us, cwnd: 10, ssthresh: 2147483647, retrans: 0

[22-11:56]	[INFO]	 RTT: 23 us, cwnd: 10, ssthresh: 2147483647, retrans: 0

[22-11:56]	[INFO]	 Total packets sent: 168
[22-11:56]	[INFO]	 Total bytes sent: 244195
[22-11:56]	[INFO]	 RTT: 23 us, cwnd: 10, ssthresh: 2147483647, retrans: 0

[22-11:56]	[INFO]	 Put command executed
[22-12:17]	[INFO]	 Quitting...
