[23-03:23]	[INFO]	 Server started on port 6879
[23-03:23]	[INFO]	 Waiting for connections...
[23-04:42]	[INFO]	 Server started on port 6879
[23-04:42]	[INFO]	 Waiting for connections...
[21-13:14]	[INFO]	 Server started on port 8899
[21-13:14]	[INFO]	 Waiting for connections...
[21-13:14]	[INFO]	 Server IP: 0.0.0.0
[21-24:55]	[INFO]	 Server started on port 8899
[21-24:55]	[INFO]	 Waiting for connections...
[21-24:55]	[INFO]	 Server IP: 0.0.0.0
[21-26:47]	[INFO]	 Bind failed
[21-27:21]	[INFO]	 Server started on port 8899
[21-27:21]	[INFO]	 Waiting for connections...
[21-27:21]	[INFO]	 Server IP: 0.0.0.0
[21-29:30]	[INFO]	 Server started on port 8899
[21-29:30]	[INFO]	 Waiting for connections...
[21-29:30]	[INFO]	 Server IP: 0.0.0.0
[21-29:45]	[INFO]	 Server started on port 8899
[21-29:45]	[INFO]	 Waiting for connections...
[21-29:45]	[INFO]	 Server IP: 0.0.0.0
[21-29:45]	[INFO]	 step 1
[21-29:45]	[INFO]	 step 2
[21-29:52]	[INFO]	 step 1
[21-30:31]	[INFO]	 Bind failed
[21-30:34]	[INFO]	 Bind failed
[21-30:54]	[INFO]	 Bind failed
[21-32:23]	[INFO]	 Server started on port 8899
[21-32:23]	[INFO]	 Waiting for connections...
[21-32:23]	[INFO]	 Server IP: 0.0.0.0
[21-32:23]	[INFO]	 step 1
[21-32:23]	[INFO]	 step 2
[21-32:30]	[INFO]	 step 1
[21-32:38]	[INFO]	 Cliente solicitou a lista de arquivos.
[21-33:26]	[INFO]	 Cliente solicitou a lista de arquivos.
[21-34:15]	[INFO]	 Cliente quer enviar o arquivo: [21-34:15]	[INFO]	 Cliente quer enviar o arquivo: %s

[21-34:15]	[ERROR]	 Erro ao criar arquivo no servidor.
[21-37:00]	[INFO]	 Cliente desconectado.
[21-37:19]	[INFO]	 Server started on port 8899
[21-37:19]	[INFO]	 Waiting for connections...
[21-37:19]	[INFO]	 Server IP: 0.0.0.0
[21-37:19]	[INFO]	 step 1
[21-37:19]	[INFO]	 step 2
[21-37:22]	[INFO]	 step 1
[21-37:32]	[INFO]	 Cliente quer enviar o arquivo: [21-37:32]	[INFO]	 Cliente quer enviar o arquivo: %s

[21-37:32]	[ERROR]	 Erro ao criar arquivo no servidor.
[21-39:03]	[INFO]	 Cliente desconectado.
[21-41:15]	[INFO]	 Server started on port 8899
[21-41:15]	[INFO]	 Waiting for connections...
[21-41:15]	[INFO]	 Server IP: 0.0.0.0
[21-41:15]	[INFO]	 step 1
[21-41:15]	[INFO]	 step 2
[21-41:19]	[INFO]	 step 1
[21-41:20]	[INFO]	 Cliente solicitou a lista de arquivos.
[21-42:56]	[INFO]	 Cliente encerrou a sessão.
[21-43:00]	[INFO]	 step 1
[21-43:09]	[INFO]	 Cliente solicitou a lista de arquivos.
[21-43:31]	[INFO]	 Cliente quer enviar o arquivo: [21-43:31]	[INFO]	 Cliente quer enviar o arquivo: %s

[21-56:00]	[INFO]	 Server started on port 8899
[21-56:00]	[INFO]	 Waiting for connections...
[21-56:00]	[INFO]	 Server IP: 0.0.0.0
[21-56:00]	[INFO]	 step 1
[21-56:00]	[INFO]	 step 2
[21-56:03]	[INFO]	 step 1
[21-56:06]	[INFO]	 Cliente solicitou a lista de arquivos.
[21-56:22]	[INFO]	 Cliente quer enviar o arquivo: server.c
[21-56:22]	[INFO]	 file name: server.c
[22-30:36]	[INFO]	 Server started on port 8899
[22-30:36]	[INFO]	 Waiting for connections...
[22-30:36]	[INFO]	 Server IP: 0.0.0.0
[22-30:36]	[INFO]	 step 1
[22-30:36]	[INFO]	 step 2
[22-30:40]	[INFO]	 step 1
[22-30:41]	[INFO]	 Cliente solicitou a lista de arquivos.
[22-30:47]	[INFO]	 Cliente quer enviar o arquivo: server.c
[22-36:34]	[INFO]	 Server started on port 8899
[22-36:34]	[INFO]	 Waiting for connections...
[22-36:34]	[INFO]	 Server IP: 0.0.0.0
[22-36:34]	[INFO]	 step 1
[22-36:34]	[INFO]	 step 2
[22-36:39]	[INFO]	 step 1
[22-36:41]	[INFO]	 Cliente solicitou a lista de arquivos.
[22-36:54]	[INFO]	 Cliente quer enviar o arquivo: server.c
[22-41:33]	[INFO]	 Server started on port 8899
[22-41:33]	[INFO]	 Waiting for connections...
[22-41:33]	[INFO]	 Server IP: 0.0.0.0
[22-41:33]	[INFO]	 step 1
[22-41:33]	[INFO]	 step 2
[22-41:36]	[INFO]	 step 1
[22-41:45]	[INFO]	 Cliente quer enviar o arquivo: server.c
[22-41:45]	[INFO]	 Receiving file...
[22-41:45]	[INFO]	 storage/server.c
[22-43:17]	[INFO]	 Server started on port 8899
[22-43:17]	[INFO]	 Waiting for connections...
[22-43:17]	[INFO]	 Server IP: 0.0.0.0
[22-43:17]	[INFO]	 step 1
[22-43:17]	[INFO]	 step 2
[22-43:23]	[INFO]	 step 1
[22-43:27]	[INFO]	 Cliente quer enviar o arquivo: server.c
[22-43:27]	[INFO]	 Receiving file...
[22-43:27]	[INFO]	 storage/server.c
[22-45:03]	[INFO]	 Server started on port 8899
[22-45:03]	[INFO]	 Waiting for connections...
[22-45:03]	[INFO]	 Server IP: 0.0.0.0
[22-45:03]	[INFO]	 step 1
[22-45:03]	[INFO]	 step 2
[22-45:06]	[INFO]	 step 1
[22-45:09]	[INFO]	 Cliente quer enviar o arquivo: server.c
[22-45:09]	[INFO]	 Receiving file...
[22-45:09]	[INFO]	 storage/server.c
[22-45:09]	[INFO]	 File does not exist, ready to receive.
[22-45:09]	[INFO]	 file name: server.c
[22-50:14]	[INFO]	 Server started on port 8899
[22-50:14]	[INFO]	 Waiting for connections...
[22-50:14]	[INFO]	 Server IP: 0.0.0.0
[22-50:14]	[INFO]	 step 1
[22-50:14]	[INFO]	 step 2
[22-50:19]	[INFO]	 step 1
[22-50:23]	[INFO]	 Cliente quer enviar o arquivo: server.c
[22-50:23]	[INFO]	 Receiving file...
[22-50:23]	[INFO]	 storage/server.c
[22-50:23]	[ERROR]	 File already exists on server.
[22-50:23]	[ERROR]	 server.c
[22-50:47]	[INFO]	 Cliente quer enviar o arquivo: server.c
[22-50:47]	[INFO]	 Receiving file...
[22-50:47]	[INFO]	 storage/server.c
[22-50:47]	[INFO]	 File does not exist, ready to receive.
[22-50:47]	[INFO]	 file name: server.c
[22-50:47]	[INFO]	 file created!
[22-52:46]	[INFO]	 File 'server.c' received successfully.
[22-52:46]	[INFO]	 Cliente desconectado.
[22-55:46]	[INFO]	 Server started on port 8899
[22-55:46]	[INFO]	 Waiting for connections...
[22-55:46]	[INFO]	 Server IP: 0.0.0.0
[22-55:46]	[INFO]	 step 1
[22-55:46]	[INFO]	 step 2
[22-55:48]	[INFO]	 step 1
[22-56:11]	[INFO]	 Cliente solicitou a lista de arquivos.
[22-56:16]	[INFO]	 Cliente quer enviar o arquivo: server.c
[22-56:16]	[INFO]	 Receiving file...
[22-56:16]	[INFO]	 storage/server.c
[22-56:16]	[INFO]	 File does not exist, ready to receive.
[22-56:16]	[INFO]	 file name: server.c
[22-56:16]	[INFO]	 file created!
[23-03:54]	[INFO]	 File 'server.c' received successfully.
[23-03:54]	[INFO]	 Cliente desconectado.
[23-04:00]	[INFO]	 Server started on port 8899
[23-04:00]	[INFO]	 Waiting for connections...
[23-04:00]	[INFO]	 Server IP: 0.0.0.0
[23-04:00]	[INFO]	 step 1
[23-04:00]	[INFO]	 step 2
[23-04:03]	[INFO]	 step 1
[23-04:06]	[INFO]	 Cliente solicitou a lista de arquivos.
[23-04:27]	[INFO]	 Cliente quer enviar o arquivo: server.c
[23-04:27]	[INFO]	 Receiving file...
[23-04:27]	[INFO]	 storage/server.c
[23-04:27]	[INFO]	 File does not exist, ready to receive.
[23-04:27]	[INFO]	 file name: server.c
[23-04:27]	[INFO]	 file created!
[23-07:21]	[INFO]	 Server started on port 8899
[23-07:21]	[INFO]	 Waiting for connections...
[23-07:21]	[INFO]	 Server IP: 0.0.0.0
[23-07:21]	[INFO]	 step 1
[23-07:21]	[INFO]	 step 2
[23-07:23]	[INFO]	 step 1
[23-07:26]	[INFO]	 Cliente solicitou a lista de arquivos.
[23-07:41]	[INFO]	 Cliente quer enviar o arquivo: server.c
[23-07:41]	[INFO]	 Receiving file...
[23-07:41]	[INFO]	 storage/server.c
[23-07:41]	[INFO]	 File does not exist, ready to receive.
[23-07:41]	[INFO]	 file name: server.c
[23-07:41]	[INFO]	 file created!
[23-07:41]	[INFO]	 block received
[23-07:41]	[INFO]	 block received
[23-07:41]	[INFO]	 block received
[23-07:41]	[INFO]	 block received
[23-07:41]	[INFO]	 block received
[23-07:41]	[INFO]	 block received
[23-07:41]	[INFO]	 block received
[23-07:41]	[INFO]	 File 'server.c' received successfully.
[23-08:17]	[INFO]	 Cliente solicitou a lista de arquivos.
[23-08:30]	[INFO]	 Cliente solicitou a lista de arquivos.
[23-08:34]	[INFO]	 Cliente quer enviar o arquivo: 2025-09-27-server.log
[23-08:34]	[INFO]	 Receiving file...
[23-08:34]	[INFO]	 storage/2025-09-27-server.log
[23-08:34]	[INFO]	 File does not exist, ready to receive.
[23-08:34]	[INFO]	 file name: 2025-09-27-server.log
[23-08:34]	[INFO]	 file created!
[23-08:34]	[INFO]	 block received
