[02-29:18]	[INFO]	 PID do cliente: 74168
[02-29:18]	[INFO]	 Comandos disponíveis: list, put <nome_arquivo>, quit

[02-29:18]	[INFO]	 Digite um comando: 
[02-29:20]	[INFO]	 Comandos disponíveis: list, put <nome_arquivo>, quit

[02-29:20]	[INFO]	 Digite um comando: 
[02-29:32]	[INFO]	 Iniciando comando PUT
[02-29:32]	[INFO]	 Arquivo aberto com sucesso
[02-29:32]	[INFO]	 Enviando arquivo: server.c
[02-29:32]	[INFO]	 OK para enviar
[02-29:32]	[INFO]	 Lendo arquivo
[02-29:32]	[INFO]	 Duração da transferência: 0.00 segundos
[02-29:32]	[INFO]	 Total de pacotes enviados: 6
[02-29:32]	[INFO]	 Total de bytes enviados: 8545
[02-29:32]	[INFO]	 Transferência de arquivo concluída
[02-29:32]	[INFO]	 Estatísticas: 
[02-29:32]	[INFO]	 RTT -> tempo de ida e volta em microssegundos
[02-29:32]	[INFO]	 cwnd -> janela de congestionamento de envio
[02-29:32]	[INFO]	 ssthresh -> limiar de slow start
[02-29:32]	[INFO]	 retrans -> total de retransmissões
[02-29:32]	[INFO]	 RTT: 4500 us, cwnd: 10, ssthresh: 2147483647, retrans: 0

[02-29:32]	[INFO]	 Conexão PUT durou aproximadamente 0.00 segundos.
[02-29:32]	[INFO]	 Comandos disponíveis: list, put <nome_arquivo>, quit

[02-29:32]	[INFO]	 Digite um comando: 
[02-29:41]	[INFO]	 Iniciando comando PUT
[02-29:41]	[INFO]	 Arquivo aberto com sucesso
[02-29:41]	[INFO]	 Enviando arquivo: client.c
[02-29:41]	[INFO]	 OK para enviar
[02-29:41]	[INFO]	 Lendo arquivo
[02-29:41]	[INFO]	 Duração da transferência: 0.00 segundos
[02-29:41]	[INFO]	 Total de pacotes enviados: 7
[02-29:41]	[INFO]	 Total de bytes enviados: 8784
[02-29:41]	[INFO]	 Transferência de arquivo concluída
[02-29:41]	[INFO]	 Estatísticas: 
[02-29:41]	[INFO]	 RTT -> tempo de ida e volta em microssegundos
[02-29:41]	[INFO]	 cwnd -> janela de congestionamento de envio
[02-29:41]	[INFO]	 ssthresh -> limiar de slow start
[02-29:41]	[INFO]	 retrans -> total de retransmissões
[02-29:41]	[INFO]	 RTT: 6090 us, cwnd: 10, ssthresh: 2147483647, retrans: 0

[02-29:41]	[INFO]	 Conexão PUT durou aproximadamente 0.00 segundos.
[02-29:41]	[INFO]	 Comandos disponíveis: list, put <nome_arquivo>, quit

[02-29:41]	[INFO]	 Digite um comando: 
[02-29:45]	[INFO]	 Iniciando comando PUT
[02-29:45]	[INFO]	 Arquivo aberto com sucesso
[02-29:45]	[INFO]	 Enviando arquivo: client
[02-29:45]	[INFO]	 OK para enviar
[02-29:45]	[INFO]	 Lendo arquivo
[02-29:45]	[INFO]	 Duração da transferência: 0.00 segundos
[02-29:45]	[INFO]	 Total de pacotes enviados: 25
[02-29:45]	[INFO]	 Total de bytes enviados: 35856
[02-29:45]	[INFO]	 Transferência de arquivo concluída
[02-29:45]	[INFO]	 Estatísticas: 
[02-29:45]	[INFO]	 RTT -> tempo de ida e volta em microssegundos
[02-29:45]	[INFO]	 cwnd -> janela de congestionamento de envio
[02-29:45]	[INFO]	 ssthresh -> limiar de slow start
[02-29:45]	[INFO]	 retrans -> total de retransmissões
[02-29:45]	[INFO]	 RTT: 6994 us, cwnd: 10, ssthresh: 2147483647, retrans: 0

[02-29:45]	[INFO]	 Conexão PUT durou aproximadamente 0.00 segundos.
[02-29:45]	[INFO]	 Comandos disponíveis: list, put <nome_arquivo>, quit

[02-29:45]	[INFO]	 Digite um comando: 
[02-29:48]	[INFO]	 Iniciando comando PUT
[02-29:48]	[INFO]	 Arquivo aberto com sucesso
[02-29:48]	[INFO]	 Enviando arquivo: server
[02-29:48]	[INFO]	 OK para enviar
[02-29:48]	[INFO]	 Lendo arquivo
[02-29:48]	[INFO]	 Duração da transferência: 0.00 segundos
[02-29:48]	[INFO]	 Total de pacotes enviados: 29
[02-29:48]	[INFO]	 Total de bytes enviados: 41040
[02-29:48]	[INFO]	 Transferência de arquivo concluída
[02-29:48]	[INFO]	 Estatísticas: 
[02-29:48]	[INFO]	 RTT -> tempo de ida e volta em microssegundos
[02-29:48]	[INFO]	 cwnd -> janela de congestionamento de envio
[02-29:48]	[INFO]	 ssthresh -> limiar de slow start
[02-29:48]	[INFO]	 retrans -> total de retransmissões
[02-29:48]	[INFO]	 RTT: 7507 us, cwnd: 10, ssthresh: 2147483647, retrans: 0

[02-29:48]	[INFO]	 Conexão PUT durou aproximadamente 0.00 segundos.
[02-29:48]	[INFO]	 Comandos disponíveis: list, put <nome_arquivo>, quit

[02-29:48]	[INFO]	 Digite um comando: 
[02-29:51]	[INFO]	 Comandos disponíveis: list, put <nome_arquivo>, quit

[02-29:51]	[INFO]	 Digite um comando: 
[02-29:57]	[INFO]	 Conexão encerrada
