[00-50:17]	[INFO]	 Client PID: 61892
[00-50:17]	[INFO]	 Available commands: list, put <filename>, quit

[00-50:17]	[INFO]	 Enter a command: 
[00-50:22]	[INFO]	 Starting PUT command
[00-50:22]	[INFO]	 Opened file successfully
[00-50:22]	[INFO]	 Sending file: client.c
[00-50:22]	[ERROR]	 Server error: A file with this name already exists.
[00-50:22]	[INFO]	 Connection for PUT lasted approximately 0.00 seconds.
[00-50:22]	[INFO]	 Available commands: list, put <filename>, quit

[00-50:22]	[INFO]	 Enter a command: 
[00-50:29]	[INFO]	 Available commands: list, put <filename>, quit

[00-50:29]	[INFO]	 Enter a command: 
[00-50:35]	[INFO]	 Starting PUT command
[00-50:35]	[INFO]	 Connection for PUT lasted approximately 0.00 seconds.
[00-50:35]	[INFO]	 Available commands: list, put <filename>, quit

[00-50:35]	[INFO]	 Enter a command: 
[00-50:41]	[INFO]	 Starting PUT command
[00-50:41]	[INFO]	 Opened file successfully
[00-50:41]	[INFO]	 Sending file: server.c
[00-50:41]	[INFO]	 OK to send
[00-50:41]	[INFO]	 Opening file
[00-50:41]	[INFO]	 Total packets sent: 6
[00-50:41]	[INFO]	 Total bytes sent: 8186
[00-50:41]	[INFO]	 File transfer complete
[00-50:41]	[INFO]	 Statistics: 
[00-50:41]	[INFO]	 RTT -> round-trip time in microseconds
[00-50:41]	[INFO]	 cwnd-> send congestion window
[00-50:41]	[INFO]	 ssthresh -> slow start threshold
[00-50:41]	[INFO]	 retrans -> total retransmissions
[00-50:41]	[INFO]	 RTT: 4460 us, cwnd: 10, ssthresh: 2147483647, retrans: 0

[00-50:41]	[INFO]	 Connection for PUT lasted approximately 0.00 seconds.
[00-50:41]	[INFO]	 Available commands: list, put <filename>, quit

[00-50:41]	[INFO]	 Enter a command: 
[00-50:46]	[INFO]	 Starting PUT command
[00-50:46]	[INFO]	 Opened file successfully
[00-50:46]	[INFO]	 Sending file: server.c
[00-50:46]	[ERROR]	 No response from server
[00-50:46]	[INFO]	 Connection for PUT lasted approximately 0.00 seconds.
[00-50:46]	[INFO]	 Available commands: list, put <filename>, quit

[00-50:46]	[INFO]	 Enter a command: 
