[01-38:01]	[INFO]	 Client PID: 66927
[01-38:01]	[INFO]	 Available commands: list, put <filename>, quit

[01-38:01]	[INFO]	 Enter a command: 
[01-38:03]	[INFO]	 Available commands: list, put <filename>, quit

[01-38:03]	[INFO]	 Enter a command: 
[01-38:17]	[INFO]	 Starting PUT command
[01-38:17]	[INFO]	 Opened file successfully
[01-38:17]	[INFO]	 Sending file: server.c
[01-38:17]	[ERROR]	 Server error: A file with this name already exists.
[01-38:17]	[INFO]	 Connection for PUT lasted approximately 0.00 seconds.
[01-38:17]	[INFO]	 Available commands: list, put <filename>, quit

[01-38:17]	[INFO]	 Enter a command: 
[01-38:37]	[INFO]	 Starting PUT command
[01-38:37]	[INFO]	 Opened file successfully
[01-38:37]	[INFO]	 Sending file: server.c
[01-38:37]	[INFO]	 OK to send
[01-38:37]	[INFO]	 Opening file
[01-38:37]	[INFO]	 File transfer duration: 0.00 seconds
[01-38:37]	[INFO]	 Total packets sent: 6
[01-38:37]	[INFO]	 Total bytes sent: 8200
[01-38:37]	[INFO]	 File transfer complete
[01-38:37]	[INFO]	 Statistics: 
[01-38:37]	[INFO]	 RTT -> round-trip time in microseconds
[01-38:37]	[INFO]	 cwnd-> send congestion window
[01-38:37]	[INFO]	 ssthresh -> slow start threshold
[01-38:37]	[INFO]	 retrans -> total retransmissions
[01-38:37]	[INFO]	 RTT: 7849 us, cwnd: 10, ssthresh: 2147483647, retrans: 0

[01-38:37]	[INFO]	 Connection for PUT lasted approximately 0.00 seconds.
[01-38:37]	[INFO]	 Available commands: list, put <filename>, quit

[01-38:37]	[INFO]	 Enter a command: 
[01-41:40]	[INFO]	 Starting PUT command
[01-41:40]	[INFO]	 Connection for PUT lasted approximately 0.00 seconds.
[01-41:40]	[INFO]	 Available commands: list, put <filename>, quit

[01-41:40]	[INFO]	 Enter a command: 
[01-41:40]	[WARN]	 Unknown command
[01-41:40]	[INFO]	 Available commands: list, put <filename>, quit

[01-41:40]	[INFO]	 Enter a command: 
[01-42:02]	[INFO]	 Available commands: list, put <filename>, quit

[01-42:02]	[INFO]	 Enter a command: 
[01-42:29]	[INFO]	 Starting PUT command
[01-42:29]	[INFO]	 Connection for PUT lasted approximately 0.00 seconds.
[01-42:29]	[INFO]	 Available commands: list, put <filename>, quit

[01-42:29]	[INFO]	 Enter a command: 
[01-42:29]	[WARN]	 Unknown command
[01-42:29]	[INFO]	 Available commands: list, put <filename>, quit

[01-42:29]	[INFO]	 Enter a command: 
[01-43:25]	[INFO]	 Starting PUT command
[01-43:25]	[INFO]	 Opened file successfully
[01-43:25]	[INFO]	 Sending file: Princess_mononoke_mask-2203460.zip
[01-43:25]	[INFO]	 OK to send
[01-43:25]	[INFO]	 Opening file
[01-43:25]	[INFO]	 File transfer duration: 0.00 seconds
[01-43:25]	[INFO]	 Total packets sent: 5529
[01-43:25]	[INFO]	 Total bytes sent: 8071509
[01-43:25]	[INFO]	 File transfer complete
[01-43:25]	[INFO]	 Statistics: 
[01-43:25]	[INFO]	 RTT -> round-trip time in microseconds
[01-43:25]	[INFO]	 cwnd-> send congestion window
[01-43:25]	[INFO]	 ssthresh -> slow start threshold
[01-43:25]	[INFO]	 retrans -> total retransmissions
[01-43:25]	[INFO]	 RTT: 217 us, cwnd: 10, ssthresh: 2147483647, retrans: 0

[01-43:25]	[INFO]	 Connection for PUT lasted approximately 0.00 seconds.
[01-43:25]	[INFO]	 Available commands: list, put <filename>, quit

[01-43:25]	[INFO]	 Enter a command: 
[01-44:57]	[INFO]	 Starting PUT command
[01-44:57]	[INFO]	 Opened file successfully
[01-44:57]	[INFO]	 Sending file: LM-Studio-0.3.23-3-x64.AppImage
[01-44:57]	[INFO]	 OK to send
[01-44:57]	[INFO]	 Opening file
[01-45:01]	[INFO]	 File transfer duration: 4.00 seconds
[01-45:01]	[INFO]	 Total packets sent: 678953
[01-45:01]	[INFO]	 Total bytes sent: 991270954
[01-45:01]	[INFO]	 File transfer complete
[01-45:01]	[INFO]	 Statistics: 
[01-45:01]	[INFO]	 RTT -> round-trip time in microseconds
[01-45:01]	[INFO]	 cwnd-> send congestion window
[01-45:01]	[INFO]	 ssthresh -> slow start threshold
[01-45:01]	[INFO]	 retrans -> total retransmissions
[01-45:01]	[INFO]	 RTT: 88 us, cwnd: 16, ssthresh: 16, retrans: 0

[01-45:01]	[INFO]	 Approximate transfer rate: 247817738.50 bytes/second
[01-45:01]	[INFO]	 Connection for PUT lasted approximately 4.00 seconds.
[01-45:01]	[INFO]	 Available commands: list, put <filename>, quit

[01-45:01]	[INFO]	 Enter a command: 
[01-49:37]	[INFO]	 Connection closed
