[00-47:47]	[INFO]	 Client PID: 61110
[00-47:47]	[INFO]	 Available commands: list, put <filename>, quit

[00-47:47]	[INFO]	 Enter a command: 
[00-47:50]	[INFO]	 Available commands: list, put <filename>, quit

[00-47:50]	[INFO]	 Enter a command: 
[00-48:00]	[INFO]	 Starting PUT command
[00-48:00]	[INFO]	 Opened file successfully
[00-48:00]	[INFO]	 Sending file: client.c
[00-48:00]	[ERROR]	 Server error: A file with this name already exists.
[00-48:00]	[INFO]	 Connection for PUT lasted approximately 0.00 seconds.
[00-48:00]	[INFO]	 Available commands: list, put <filename>, quit

[00-48:00]	[INFO]	 Enter a command: 
[00-48:11]	[INFO]	 Starting PUT command
[00-48:11]	[INFO]	 Opened file successfully
[00-48:11]	[INFO]	 Sending file: server.c
[00-48:11]	[INFO]	 OK to send
[00-48:11]	[INFO]	 Opening file
[00-48:11]	[INFO]	 Total packets sent: 6
[00-48:11]	[INFO]	 Total bytes sent: 8186
[00-48:11]	[INFO]	 File transfer complete
[00-48:11]	[INFO]	 Statistics: 
[00-48:11]	[INFO]	 RTT -> round-trip time in microseconds
[00-48:11]	[INFO]	 cwnd-> send congestion window
[00-48:11]	[INFO]	 ssthresh -> slow start threshold
[00-48:11]	[INFO]	 retrans -> total retransmissions
[00-48:11]	[INFO]	 RTT: 8017 us, cwnd: 10, ssthresh: 2147483647, retrans: 0

[00-48:11]	[INFO]	 Connection for PUT lasted approximately 0.00 seconds.
[00-48:11]	[INFO]	 Available commands: list, put <filename>, quit

[00-48:11]	[INFO]	 Enter a command: 
