[01-06:52]	[INFO]	 Client PID: 63316
[01-06:52]	[INFO]	 Available commands: list, put <filename>, quit

[01-06:52]	[INFO]	 Enter a command: 
[01-06:55]	[INFO]	 Available commands: list, put <filename>, quit

[01-06:55]	[INFO]	 Enter a command: 
[01-07:09]	[INFO]	 Starting PUT command
[01-07:09]	[INFO]	 Opened file successfully
[01-07:09]	[INFO]	 Sending file: server.c
[01-07:09]	[INFO]	 OK to send
[01-07:09]	[INFO]	 Opening file
[01-07:09]	[INFO]	 Total packets sent: 6
[01-07:09]	[INFO]	 Total bytes sent: 8200
[01-07:09]	[INFO]	 File transfer complete
[01-07:09]	[INFO]	 Statistics: 
[01-07:09]	[INFO]	 RTT -> round-trip time in microseconds
[01-07:09]	[INFO]	 cwnd-> send congestion window
[01-07:09]	[INFO]	 ssthresh -> slow start threshold
[01-07:09]	[INFO]	 retrans -> total retransmissions
[01-07:09]	[INFO]	 RTT: 4495 us, cwnd: 10, ssthresh: 2147483647, retrans: 0

[01-07:09]	[INFO]	 Connection for PUT lasted approximately 0.00 seconds.
[01-07:09]	[INFO]	 Available commands: list, put <filename>, quit

[01-07:09]	[INFO]	 Enter a command: 
[01-07:13]	[INFO]	 Available commands: list, put <filename>, quit

[01-07:13]	[INFO]	 Enter a command: 
[01-07:20]	[INFO]	 Starting PUT command
[01-07:20]	[INFO]	 Opened file successfully
[01-07:20]	[INFO]	 Sending file: client.c
[01-07:20]	[ERROR]	 Server error: A file with this name already exists.
[01-07:20]	[INFO]	 Connection for PUT lasted approximately 0.00 seconds.
[01-07:20]	[INFO]	 Available commands: list, put <filename>, quit

[01-07:20]	[INFO]	 Enter a command: 
