[00-49:12]	[INFO]	 Client PID: 61478
[00-49:12]	[INFO]	 Available commands: list, put <filename>, quit

[00-49:12]	[INFO]	 Enter a command: 
[00-49:14]	[INFO]	 Available commands: list, put <filename>, quit

[00-49:14]	[INFO]	 Enter a command: 
[00-49:39]	[INFO]	 Starting PUT command
[00-49:39]	[INFO]	 Opened file successfully
[00-49:39]	[INFO]	 Sending file: client.c
[00-49:39]	[INFO]	 OK to send
[00-49:39]	[INFO]	 Opening file
[00-49:39]	[INFO]	 Total packets sent: 6
[00-49:39]	[INFO]	 Total bytes sent: 7857
[00-49:39]	[INFO]	 File transfer complete
[00-49:39]	[INFO]	 Statistics: 
[00-49:39]	[INFO]	 RTT -> round-trip time in microseconds
[00-49:39]	[INFO]	 cwnd-> send congestion window
[00-49:39]	[INFO]	 ssthresh -> slow start threshold
[00-49:39]	[INFO]	 retrans -> total retransmissions
[00-49:39]	[INFO]	 RTT: 4588 us, cwnd: 10, ssthresh: 2147483647, retrans: 0

[00-49:39]	[INFO]	 Connection for PUT lasted approximately 0.00 seconds.
[00-49:39]	[INFO]	 Available commands: list, put <filename>, quit

[00-49:39]	[INFO]	 Enter a command: 
[00-49:50]	[INFO]	 Starting PUT command
[00-49:50]	[INFO]	 Opened file successfully
[00-49:50]	[INFO]	 Sending file: client.c
[00-49:50]	[ERROR]	 No response from server
[00-49:50]	[INFO]	 Connection for PUT lasted approximately 0.00 seconds.
[00-49:50]	[INFO]	 Available commands: list, put <filename>, quit

[00-49:50]	[INFO]	 Enter a command: 
